2025-04-02 09:31:13,219 - INFO - Página 1, Imagen 1: Texto alternativo asignado: 'Eurostars Images 3219...'
2025-04-02 09:31:13,621 - INFO - Página 1, Imagen 2: Texto alternativo asignado: 'Eurostars Images 3621...'
2025-04-02 09:31:14,215 - INFO - Página 1, Imagen 3: Texto alternativo asignado: 'Eurostars Images 4215...'
2025-04-02 09:31:14,663 - INFO - Página 1, Imagen 4: Texto alternativo asignado: 'Eurostars Images 4663...'
2025-04-02 09:31:15,205 - INFO - Página 1, Imagen 5: Texto alternativo asignado: 'Eurostars Images 5205...'
2025-04-02 09:31:15,687 - INFO - Página 1, Imagen 6: Texto alternativo asignado: 'Eurostars Images 5686...'
2025-04-02 09:31:16,155 - INFO - Página 1, Imagen 7: Texto alternativo asignado: 'Eurostars Images 6155...'
2025-04-02 09:31:16,559 - INFO - Página 1, Imagen 8: Texto alternativo asignado: 'Eurostars Images 6559...'
2025-04-02 09:31:16,954 - INFO - Página 1, Imagen 9: Texto alternativo asignado: 'Eurostars Images 6954...'
2025-04-02 09:31:17,322 - INFO - Página 1, Imagen 10: Texto alternativo asignado: 'Eurostars Images 7322...'
2025-04-02 09:31:17,669 - INFO - Página 1, Imagen 11: Texto alternativo asignado: 'Eurostars Images 7669...'
2025-04-02 09:31:18,054 - INFO - Página 1, Imagen 12: Texto alternativo asignado: 'Eurostars Images 8054...'
2025-04-02 09:31:18,447 - INFO - Página 1, Imagen 13: Texto alternativo asignado: 'Eurostars Images 8447...'
2025-04-02 09:31:18,867 - INFO - Página 1, Imagen 14: Texto alternativo asignado: 'Eurostars Images 8867...'
2025-04-02 09:31:19,317 - INFO - Página 1, Imagen 15: Texto alternativo asignado: 'Eurostars Images 9317...'
2025-04-02 09:31:19,760 - INFO - Página 1, Imagen 16: Texto alternativo asignado: 'Eurostars Images 9760...'
2025-04-02 09:31:20,189 - INFO - Página 1, Imagen 17: Texto alternativo asignado: 'Eurostars Images 189...'
2025-04-02 09:31:20,544 - INFO - Página 1, Imagen 18: Texto alternativo asignado: 'Eurostars Images 544...'
2025-04-02 09:31:20,877 - INFO - Página 1, Imagen 19: Texto alternativo asignado: 'Eurostars Images 877...'
2025-04-02 09:31:21,202 - INFO - Página 1, Imagen 20: Texto alternativo asignado: 'Eurostars Images 1201...'
2025-04-02 09:31:21,509 - INFO - Página 1, Imagen 21: Texto alternativo asignado: 'Eurostars Images 1509...'
2025-04-02 09:31:21,833 - INFO - Página 1, Imagen 22: Texto alternativo asignado: 'Eurostars Images 1833...'
2025-04-02 09:31:22,135 - INFO - Página 1, Imagen 23: Texto alternativo asignado: 'Eurostars Images 2135...'
2025-04-02 09:31:22,440 - INFO - Página 1, Imagen 24: Texto alternativo asignado: 'Eurostars Images 2440...'
2025-04-02 09:31:22,800 - INFO - Página 1, Imagen 25: Texto alternativo asignado: 'Eurostars Images 2800...'
2025-04-02 09:31:23,138 - INFO - Página 1, Imagen 26: Texto alternativo asignado: 'Eurostars Images 3138...'
2025-04-02 09:31:23,524 - INFO - Página 1, Imagen 27: Texto alternativo asignado: 'Eurostars Images 3524...'
2025-04-02 09:31:23,838 - INFO - Página 1, Imagen 28: Texto alternativo asignado: 'Eurostars Images 3838...'
2025-04-02 09:31:24,258 - INFO - Página 1, Imagen 29: Texto alternativo asignado: 'Eurostars Images 4258...'
2025-04-02 09:31:24,630 - INFO - Página 1, Imagen 30: Texto alternativo asignado: 'Eurostars Images 4629...'
2025-04-02 09:31:25,030 - INFO - Página 1, Imagen 31: Texto alternativo asignado: 'Eurostars Images 5030...'
2025-04-02 09:31:25,530 - INFO - Página 1, Imagen 32: Texto alternativo asignado: 'Eurostars Images 5530...'
2025-04-02 09:31:25,943 - INFO - Página 1, Imagen 33: Texto alternativo asignado: 'Eurostars Images 5943...'
2025-04-02 09:31:26,301 - INFO - Página 1, Imagen 34: Texto alternativo asignado: 'Eurostars Images 6301...'
2025-04-02 09:31:26,671 - INFO - Página 1, Imagen 35: Texto alternativo asignado: 'Eurostars Images 6671...'
2025-04-02 09:31:27,050 - INFO - Página 1, Imagen 36: Texto alternativo asignado: 'Eurostars Images 7050...'
2025-04-02 09:31:27,430 - INFO - Página 1, Imagen 37: Texto alternativo asignado: 'Eurostars Images 7430...'
2025-04-02 09:31:27,828 - INFO - Página 1, Imagen 38: Texto alternativo asignado: 'Eurostars Images 7828...'
2025-04-02 09:31:28,227 - INFO - Página 1, Imagen 39: Texto alternativo asignado: 'Eurostars Images 8227...'
2025-04-02 09:31:28,606 - INFO - Página 1, Imagen 40: Texto alternativo asignado: 'Eurostars Images 8606...'
2025-04-02 09:31:29,132 - INFO - Página 1, Imagen 41: Texto alternativo asignado: 'Eurostars Images 9131...'
2025-04-02 09:31:29,552 - INFO - Página 1, Imagen 42: Texto alternativo asignado: 'Eurostars Images 9552...'
2025-04-02 09:31:29,954 - INFO - Página 1, Imagen 43: Texto alternativo asignado: 'Eurostars Images 9954...'
2025-04-02 09:31:30,299 - INFO - Página 1, Imagen 44: Texto alternativo asignado: 'Eurostars Images 299...'
2025-04-02 09:31:30,622 - INFO - Página 1, Imagen 45: Texto alternativo asignado: 'Eurostars Images 622...'
2025-04-02 09:31:30,927 - INFO - Página 1, Imagen 46: Texto alternativo asignado: 'Eurostars Images 927...'
2025-04-02 09:31:31,261 - INFO - Página 1, Imagen 47: Texto alternativo asignado: 'Eurostars Images 1261...'
2025-04-02 09:31:31,598 - INFO - Página 1, Imagen 48: Texto alternativo asignado: 'Eurostars Images 1598...'
2025-04-02 09:31:31,919 - INFO - Página 1, Imagen 49: Texto alternativo asignado: 'Eurostars Images 1919...'
2025-04-02 09:31:32,220 - INFO - Página 1, Imagen 50: Texto alternativo asignado: 'Eurostars Images 2219...'
2025-04-02 09:31:32,526 - INFO - Página 1, Imagen 51: Texto alternativo asignado: 'Eurostars Images 2526...'
2025-04-02 09:31:32,819 - INFO - Página 1, Imagen 52: Texto alternativo asignado: 'Eurostars Images 2819...'
2025-04-02 09:31:33,110 - INFO - Página 1, Imagen 53: Texto alternativo asignado: 'Eurostars Images 3110...'
2025-04-02 09:31:33,431 - INFO - Página 1, Imagen 54: Texto alternativo asignado: 'Eurostars Images 3431...'
2025-04-02 09:31:33,739 - INFO - Página 1, Imagen 55: Texto alternativo asignado: 'Eurostars Images 3739...'
2025-04-02 09:31:34,154 - INFO - Página 1, Imagen 56: Texto alternativo asignado: 'Eurostars Images 4154...'
2025-04-02 09:31:34,547 - INFO - Página 1, Imagen 57: Texto alternativo asignado: 'Eurostars Images 4547...'
2025-04-02 09:31:34,998 - INFO - Página 1, Imagen 58: Texto alternativo asignado: 'Eurostars Images 4998...'
2025-04-02 09:31:35,419 - INFO - Página 1, Imagen 59: Texto alternativo asignado: 'Eurostars Images 5419...'
2025-04-02 09:31:35,888 - INFO - Página 1, Imagen 60: Texto alternativo asignado: 'Eurostars Images 5888...'
2025-04-02 09:31:36,246 - INFO - Página 1, Imagen 61: Texto alternativo asignado: 'Eurostars Images 6246...'
2025-04-02 09:31:36,585 - INFO - Página 1, Imagen 62: Texto alternativo asignado: 'Eurostars Images 6585...'
2025-04-02 09:31:37,031 - INFO - Página 1, Imagen 63: Texto alternativo asignado: 'Eurostars Images 7031...'
2025-04-02 09:31:37,465 - INFO - Página 1, Imagen 64: Texto alternativo asignado: 'Eurostars Images 7465...'
2025-04-02 09:31:37,834 - INFO - Página 1, Imagen 65: Texto alternativo asignado: 'Eurostars Images 7834...'
2025-04-02 09:31:38,216 - INFO - Página 1, Imagen 66: Texto alternativo asignado: 'Eurostars Images 8216...'
2025-04-02 09:31:38,679 - INFO - Página 1, Imagen 67: Texto alternativo asignado: 'Eurostars Images 8679...'
2025-04-02 09:31:39,110 - INFO - Página 1, Imagen 68: Texto alternativo asignado: 'Eurostars Images 9110...'
2025-04-02 09:31:39,501 - INFO - Página 1, Imagen 69: Texto alternativo asignado: 'Eurostars Images 9501...'
2025-04-02 09:31:39,901 - INFO - Página 1, Imagen 70: Texto alternativo asignado: 'Eurostars Images 9901...'
2025-04-02 09:31:40,385 - INFO - Página 1, Imagen 71: Texto alternativo asignado: 'Eurostars Images 385...'
2025-04-02 09:31:40,760 - INFO - Página 1, Imagen 72: Texto alternativo asignado: 'Eurostars Images 760...'
2025-04-02 09:31:41,200 - INFO - Página 1, Imagen 73: Texto alternativo asignado: 'Eurostars Images 1200...'
2025-04-02 09:31:41,714 - INFO - Página 1, Imagen 74: Texto alternativo asignado: 'Eurostars Images 1714...'
2025-04-02 09:31:42,066 - INFO - Página 1, Imagen 75: Texto alternativo asignado: 'Es...'
2025-04-02 09:31:42,568 - INFO - Página 1, Imagen 76: Texto alternativo asignado: 'Es...'
2025-04-02 09:31:43,007 - INFO - Página 1, Imagen 77: Texto alternativo asignado: 'Es...'
2025-04-02 09:31:43,457 - INFO - Página 1, Imagen 78: Texto alternativo asignado: 'Es...'
2025-04-02 09:31:43,879 - INFO - Página 1, Imagen 79: Texto alternativo asignado: 'Es...'
2025-04-02 09:31:44,282 - INFO - Página 1, Imagen 80: Texto alternativo asignado: 'Eurostars Images 4282...'
2025-04-02 09:31:44,839 - INFO - Página 1, Imagen 81: Texto alternativo asignado: 'Es...'
2025-04-02 09:31:45,360 - INFO - Página 1, Imagen 82: Texto alternativo asignado: 'Es...'
2025-04-02 09:31:45,944 - INFO - Página 1, Imagen 83: Texto alternativo asignado: 'Es...'
2025-04-02 09:31:46,538 - INFO - Página 1, Imagen 84: Texto alternativo asignado: 'Es...'
2025-04-02 09:31:47,373 - INFO - Página 1, Imagen 85: Texto alternativo asignado: 'Es...'
2025-04-02 09:31:47,951 - INFO - Página 1, Imagen 86: Texto alternativo asignado: 'Eurostars Images 7951...'
2025-04-02 09:31:48,349 - INFO - Página 1, Imagen 87: Texto alternativo asignado: 'Eurostars Images 8349...'
2025-04-02 09:31:48,833 - INFO - Página 1, Imagen 88: Texto alternativo asignado: 'Eurostars Images 8833...'
2025-04-02 09:31:49,283 - INFO - Página 1, Imagen 89: Texto alternativo asignado: 'Eurostars Images 9283...'
2025-04-02 09:31:49,916 - INFO - Página 1, Imagen 90: Texto alternativo asignado: 'Eurostars Images 9916...'
2025-04-02 09:31:50,443 - INFO - Página 1, Imagen 91: Texto alternativo asignado: 'Eurostars Images 443...'
2025-04-02 09:31:50,853 - INFO - Página 1, Imagen 92: Texto alternativo asignado: 'Eurostars Images 853...'
2025-04-02 09:31:51,293 - INFO - Página 1, Imagen 93: Texto alternativo asignado: 'Eurostars Images 1293...'
2025-04-02 09:31:51,817 - INFO - Página 1, Imagen 94: Texto alternativo asignado: 'Eurostars Images 1816...'
2025-04-02 09:31:52,323 - INFO - Página 1, Imagen 95: Texto alternativo asignado: 'Eurostars Images 2322...'
2025-04-02 09:31:52,953 - INFO - Página 1, Imagen 96: Texto alternativo asignado: 'Eurostars Images 2952...'
2025-04-02 09:31:53,606 - INFO - Página 1, Imagen 97: Texto alternativo asignado: 'Eurostars Images 3606...'
2025-04-02 09:31:54,298 - INFO - Página 1, Imagen 98: Texto alternativo asignado: 'Eurostars Images 4298...'
2025-04-02 09:31:54,777 - INFO - Página 1, Imagen 99: Texto alternativo asignado: 'Eurostars Images 4777...'
2025-04-02 09:31:55,520 - INFO - Página 1, Imagen 100: Texto alternativo asignado: 'Eurostars Images 5520...'
2025-04-02 09:31:56,398 - INFO - Página 1, Imagen 101: Texto alternativo asignado: 'Eurostars Images 6398...'
2025-04-02 09:31:57,074 - INFO - Página 1, Imagen 102: Texto alternativo asignado: 'Eurostars Images 7074...'
2025-04-02 09:31:57,650 - INFO - Página 1, Imagen 103: Texto alternativo asignado: 'Eurostars Images 7650...'
2025-04-02 09:31:58,366 - INFO - Página 1, Imagen 104: Texto alternativo asignado: 'Eurostars Images 8366...'
2025-04-02 09:31:58,793 - INFO - Página 1, Imagen 105: Texto alternativo asignado: 'Eurostars Images 8793...'
2025-04-02 09:31:59,382 - INFO - Página 1, Imagen 106: Texto alternativo asignado: 'Eurostars Images 9382...'
2025-04-02 09:31:59,839 - INFO - Página 1, Imagen 107: Texto alternativo asignado: 'Eurostars Images 9839...'
2025-04-02 09:32:00,367 - INFO - Página 1, Imagen 108: Texto alternativo asignado: 'Eurostars Images 367...'
2025-04-02 09:32:00,795 - INFO - Página 1, Imagen 109: Texto alternativo asignado: 'Eurostars Images 795...'
2025-04-02 09:32:01,295 - INFO - Página 1, Imagen 110: Texto alternativo asignado: 'Eurostars Images 1294...'
2025-04-02 09:32:01,821 - INFO - Página 1, Imagen 111: Texto alternativo asignado: 'Eurostars Images 1821...'
2025-04-02 09:32:02,244 - INFO - Página 1, Imagen 112: Texto alternativo asignado: 'Eurostars Images 2244...'
2025-04-02 09:32:02,812 - INFO - Página 1, Imagen 113: Texto alternativo asignado: 'Eurostars Images 2812...'
2025-04-02 09:32:03,387 - INFO - Página 1, Imagen 114: Texto alternativo asignado: 'Eurostars Images 3387...'
2025-04-02 09:32:03,975 - INFO - Página 1, Imagen 115: Texto alternativo asignado: 'Eurostars Images 3975...'
2025-04-02 09:32:04,598 - INFO - Página 1, Imagen 116: Texto alternativo asignado: 'Eurostars Images 4598...'
2025-04-02 09:32:05,119 - INFO - Página 1, Imagen 117: Texto alternativo asignado: 'Eurostars Images 5119...'
2025-04-02 09:32:05,754 - INFO - Página 1, Imagen 118: Texto alternativo asignado: 'Eurostars Images 5753...'
2025-04-02 09:32:06,260 - INFO - Página 1, Imagen 119: Texto alternativo asignado: 'Eurostars Images 6260...'
2025-04-02 09:32:06,644 - INFO - Página 1, Imagen 120: Texto alternativo asignado: 'Eurostars Images 6644...'
2025-04-02 09:32:07,223 - INFO - Página 1, Imagen 121: Texto alternativo asignado: 'Eurostars Images 7223...'
2025-04-02 09:32:07,770 - INFO - Página 1, Imagen 122: Texto alternativo asignado: 'Eurostars Images 7770...'
2025-04-02 09:32:08,234 - INFO - Página 1, Imagen 123: Texto alternativo asignado: 'Eurostars Images 8233...'
2025-04-02 09:32:08,768 - INFO - Página 1, Imagen 124: Texto alternativo asignado: 'Eurostars Images 8768...'
2025-04-02 09:32:09,322 - INFO - Página 1, Imagen 125: Texto alternativo asignado: 'Eurostars Images 9321...'
2025-04-02 09:32:09,966 - INFO - Página 1, Imagen 126: Texto alternativo asignado: 'Eurostars Images 9966...'
2025-04-02 09:32:10,481 - INFO - Página 1, Imagen 127: Texto alternativo asignado: 'Eurostars Images 481...'
2025-04-02 09:32:11,066 - INFO - Página 1, Imagen 128: Texto alternativo asignado: 'Eurostars Images 1065...'
2025-04-02 09:32:11,537 - INFO - Página 1, Imagen 129: Texto alternativo asignado: 'Eurostars Images 1537...'
2025-04-02 09:32:12,071 - INFO - Página 1, Imagen 130: Texto alternativo asignado: 'Eurostars Images 2071...'
2025-04-02 09:32:12,422 - INFO - Página 1, Imagen 131: Texto alternativo asignado: 'Eurostars Images 2422...'
2025-04-02 09:32:12,823 - INFO - Página 1, Imagen 132: Texto alternativo asignado: 'Eurostars Images 2823...'
2025-04-02 09:32:13,221 - INFO - Página 1, Imagen 133: Texto alternativo asignado: 'Eurostars Images 3221...'
2025-04-02 09:32:13,662 - INFO - Página 1, Imagen 134: Texto alternativo asignado: 'Eurostars Images 3662...'
2025-04-02 09:32:14,170 - INFO - Página 1, Imagen 135: Texto alternativo asignado: 'Eurostars Images 4170...'
2025-04-02 09:32:14,596 - INFO - Página 1, Imagen 136: Texto alternativo asignado: 'Eurostars Images 4595...'
2025-04-02 09:32:14,987 - INFO - Página 1, Imagen 137: Texto alternativo asignado: 'Eurostars Images 4987...'
2025-04-02 09:32:15,401 - INFO - Página 1, Imagen 138: Texto alternativo asignado: 'Eurostars Images 5401...'
2025-04-02 09:32:15,798 - INFO - Página 1, Imagen 139: Texto alternativo asignado: 'Eurostars Images 5798...'
2025-04-02 09:32:16,377 - INFO - Página 1, Imagen 140: Texto alternativo asignado: 'Eurostars Images 6376...'
2025-04-02 09:32:16,842 - INFO - Página 1, Imagen 141: Texto alternativo asignado: 'Eurostars Images 6842...'
2025-04-02 09:32:17,447 - INFO - Página 1, Imagen 142: Texto alternativo asignado: 'Eurostars Images 7447...'
2025-04-02 09:32:18,150 - INFO - Página 1, Imagen 143: Texto alternativo asignado: 'Eurostars Images 8150...'
2025-04-02 09:32:18,713 - INFO - Página 1, Imagen 144: Texto alternativo asignado: 'Eurostars Images 8713...'
2025-04-02 09:32:19,264 - INFO - Página 1, Imagen 145: Texto alternativo asignado: 'Eurostars Images 9263...'
2025-04-02 09:32:19,900 - INFO - Página 1, Imagen 146: Texto alternativo asignado: 'Eurostars Images 9900...'
2025-04-02 09:32:20,494 - INFO - Página 1, Imagen 147: Texto alternativo asignado: 'Eurostars Images 494...'
2025-04-02 09:32:21,173 - INFO - Página 1, Imagen 148: Texto alternativo asignado: 'Eurostars Images 1173...'
2025-04-02 09:32:21,775 - INFO - Página 1, Imagen 149: Texto alternativo asignado: 'Eurostars Images 1775...'
2025-04-02 09:32:22,374 - INFO - Página 1, Imagen 150: Texto alternativo asignado: 'Eurostars Images 2374...'
2025-04-02 09:32:22,880 - INFO - Página 1, Imagen 151: Texto alternativo asignado: 'Eurostars Images 2880...'
2025-04-02 09:32:23,439 - INFO - Página 1, Imagen 152: Texto alternativo asignado: 'Eurostars Images 3439...'
2025-04-02 09:32:23,905 - INFO - Página 1, Imagen 153: Texto alternativo asignado: 'Eurostars Images 3905...'
2025-04-02 09:32:24,670 - INFO - Página 1, Imagen 154: Texto alternativo asignado: 'Eurostars Images 4669...'
2025-04-02 09:32:25,481 - INFO - Página 1, Imagen 155: Texto alternativo asignado: 'Eurostars Images 5481...'
2025-04-02 09:32:25,985 - INFO - Página 1, Imagen 156: Texto alternativo asignado: 'Eurostars Images 5985...'
2025-04-02 09:32:26,364 - INFO - Página 1, Imagen 157: Texto alternativo asignado: 'Eurostars Images 6364...'
2025-04-02 09:32:26,709 - INFO - Página 1, Imagen 158: Texto alternativo asignado: 'Eurostars Images 6709...'
2025-04-02 09:32:27,088 - INFO - Página 1, Imagen 159: Texto alternativo asignado: 'Eurostars Images 7088...'
2025-04-02 09:32:27,583 - INFO - Página 1, Imagen 160: Texto alternativo asignado: 'Eurostars Images 7583...'
2025-04-02 09:32:28,071 - INFO - Página 1, Imagen 161: Texto alternativo asignado: 'Eurostars Images 8071...'
2025-04-02 09:32:28,694 - INFO - Página 1, Imagen 162: Texto alternativo asignado: 'Eurostars Images 8694...'
2025-04-02 09:32:29,285 - INFO - Página 1, Imagen 163: Texto alternativo asignado: 'Eurostars Images 9285...'
2025-04-02 09:32:29,676 - INFO - Página 1, Imagen 164: Texto alternativo asignado: 'Eurostars Images 9675...'
2025-04-02 09:32:30,320 - INFO - Página 1, Imagen 165: Texto alternativo asignado: 'Eurostars Images 320...'
2025-04-02 09:32:30,935 - INFO - Página 1, Imagen 166: Texto alternativo asignado: 'Eurostars Images 935...'
2025-04-02 09:32:31,342 - INFO - Página 1, Imagen 167: Texto alternativo asignado: 'Eurostars Images 1342...'
2025-04-02 09:32:31,829 - INFO - Página 1, Imagen 168: Texto alternativo asignado: 'Eurostars Images 1829...'
2025-04-02 09:32:32,361 - INFO - Página 1, Imagen 169: Texto alternativo asignado: 'Eurostars Images 2361...'
2025-04-02 09:32:32,801 - INFO - Página 1, Imagen 170: Texto alternativo asignado: 'Eurostars Images 2801...'
2025-04-02 09:32:33,335 - INFO - Página 1, Imagen 171: Texto alternativo asignado: 'Eurostars Images 3335...'
2025-04-02 09:32:33,913 - INFO - Página 1, Imagen 172: Texto alternativo asignado: 'Eurostars Images 3913...'
2025-04-02 09:32:34,426 - INFO - Página 1, Imagen 173: Texto alternativo asignado: 'Eurostars Images 4426...'
2025-04-02 09:32:34,830 - INFO - Página 1, Imagen 174: Texto alternativo asignado: 'Eurostars Images 4830...'
2025-04-02 09:32:35,222 - INFO - Página 1, Imagen 175: Texto alternativo asignado: 'Eurostars Images 5222...'
2025-04-02 09:32:35,591 - INFO - Página 1, Imagen 176: Texto alternativo asignado: 'Eurostars Images 5591...'
2025-04-02 09:32:36,011 - INFO - Página 1, Imagen 177: Texto alternativo asignado: 'Eurostars Images 6011...'
2025-04-02 09:32:36,411 - INFO - Página 1, Imagen 178: Texto alternativo asignado: 'Eurostars Images 6411...'
2025-04-02 09:32:36,856 - INFO - Página 1, Imagen 179: Texto alternativo asignado: 'Eurostars Images 6856...'
2025-04-02 09:32:37,300 - INFO - Página 1, Imagen 180: Texto alternativo asignado: 'Eurostars Images 7299...'
2025-04-02 09:32:37,683 - INFO - Página 1, Imagen 181: Texto alternativo asignado: 'Eurostars Images 7683...'
2025-04-02 09:32:38,130 - INFO - Página 1, Imagen 182: Texto alternativo asignado: 'Eurostars Images 8130...'
2025-04-02 09:32:38,528 - INFO - Página 1, Imagen 183: Texto alternativo asignado: 'Eurostars Images 8528...'
2025-04-02 09:32:38,923 - INFO - Página 1, Imagen 184: Texto alternativo asignado: 'Eurostars Images 8923...'
2025-04-02 09:32:39,335 - INFO - Página 1, Imagen 185: Texto alternativo asignado: 'Eurostars Images 9335...'
2025-04-02 09:32:39,761 - INFO - Página 1, Imagen 186: Texto alternativo asignado: 'Eurostars Images 9761...'
2025-04-02 09:32:40,167 - INFO - Página 1, Imagen 187: Texto alternativo asignado: 'Eurostars Images 167...'
2025-04-02 09:32:40,535 - INFO - Página 1, Imagen 188: Texto alternativo asignado: 'Eurostars Images 535...'
2025-04-02 09:32:40,886 - INFO - Página 1, Imagen 189: Texto alternativo asignado: 'Eurostars Images 886...'
2025-04-02 09:32:41,271 - INFO - Página 1, Imagen 190: Texto alternativo asignado: 'Eurostars Images 1271...'
2025-04-02 09:32:41,663 - INFO - Página 1, Imagen 191: Texto alternativo asignado: 'Eurostars Images 1662...'
2025-04-02 09:32:42,000 - INFO - Página 1, Imagen 192: Texto alternativo asignado: 'Eurostars Images 2000...'
2025-04-02 09:32:42,497 - INFO - Página 1, Imagen 193: Texto alternativo asignado: 'Eurostars Images 2497...'
2025-04-02 09:32:42,986 - INFO - Página 1, Imagen 194: Texto alternativo asignado: 'Eurostars Images 2986...'
2025-04-02 09:32:43,468 - INFO - Página 1, Imagen 195: Texto alternativo asignado: 'Eurostars Images 3468...'
2025-04-02 09:32:43,992 - INFO - Página 1, Imagen 196: Texto alternativo asignado: 'Eurostars Images 3992...'
2025-04-02 09:32:44,557 - INFO - Página 1, Imagen 197: Texto alternativo asignado: 'Es...'
2025-04-02 09:32:45,003 - INFO - Página 1, Imagen 198: Texto alternativo asignado: 'Es...'
2025-04-02 09:32:45,699 - INFO - Página 1, Imagen 199: Texto alternativo asignado: 'Es...'
2025-04-02 09:32:46,048 - INFO - Página 1, Imagen 200: Texto alternativo asignado: 'Es...'
2025-04-02 09:32:46,438 - INFO - Página 1, Imagen 201: Texto alternativo asignado: 'Es...'
2025-04-02 09:32:46,795 - INFO - Página 1, Imagen 202: Texto alternativo asignado: 'Es...'
2025-04-02 09:32:47,182 - INFO - Página 1, Imagen 203: Texto alternativo asignado: 'Es...'
2025-04-02 09:32:47,521 - INFO - Página 1, Imagen 204: Texto alternativo asignado: 'Es...'
2025-04-02 09:32:47,882 - INFO - Página 1, Imagen 205: Texto alternativo asignado: 'Eurostars Images 7882...'
2025-04-02 09:32:48,286 - INFO - Página 1, Imagen 206: Texto alternativo asignado: 'Eurostars Images 8285...'
2025-04-02 09:32:48,614 - INFO - Página 1, Imagen 207: Texto alternativo asignado: 'Eurostars Images 8614...'
2025-04-02 09:32:49,011 - INFO - Página 1, Imagen 208: Texto alternativo asignado: 'Eurostars Images 9011...'
2025-04-02 09:32:49,394 - INFO - Página 1, Imagen 209: Texto alternativo asignado: 'Eurostars Images 9393...'
2025-04-02 09:32:49,781 - INFO - Página 1, Imagen 210: Texto alternativo asignado: 'Eurostars Images 9781...'
2025-04-02 09:32:50,174 - INFO - Página 1, Imagen 211: Texto alternativo asignado: 'Eurostars Images 174...'
2025-04-02 09:32:50,617 - INFO - Página 1, Imagen 212: Texto alternativo asignado: 'Eurostars Images 617...'
2025-04-02 09:32:51,059 - INFO - Página 1, Imagen 213: Texto alternativo asignado: 'Eurostars Images 1059...'
2025-04-02 09:32:51,718 - INFO - Página 1, Imagen 214: Texto alternativo asignado: 'Eurostars Images 1718...'
2025-04-02 09:32:52,304 - INFO - Página 1, Imagen 215: Texto alternativo asignado: 'Eurostars Images 2304...'
2025-04-02 09:32:52,839 - INFO - Página 1, Imagen 216: Texto alternativo asignado: 'Eurostars Images 2838...'
2025-04-02 09:32:53,430 - INFO - Página 1, Imagen 217: Texto alternativo asignado: 'Eurostars Images 3430...'
2025-04-02 09:32:54,019 - INFO - Página 1, Imagen 218: Texto alternativo asignado: 'Eurostars Images 4019...'
2025-04-02 09:32:54,538 - INFO - Página 1, Imagen 219: Texto alternativo asignado: 'Eurostars Images 4538...'
2025-04-02 09:32:54,943 - INFO - Página 1, Imagen 220: Texto alternativo asignado: 'Eurostars Images 4943...'
2025-04-02 09:32:55,523 - INFO - Página 1, Imagen 221: Texto alternativo asignado: 'Eurostars Images 5522...'
2025-04-02 09:32:56,065 - INFO - Página 1, Imagen 222: Texto alternativo asignado: 'Eurostars Images 6065...'
2025-04-02 09:32:56,564 - INFO - Página 1, Imagen 223: Texto alternativo asignado: 'Eurostars Images 6564...'
2025-04-02 09:32:57,127 - INFO - Página 1, Imagen 224: Texto alternativo asignado: 'Eurostars Images 7127...'
2025-04-02 09:32:57,770 - INFO - Página 1, Imagen 225: Texto alternativo asignado: 'Eurostars Images 7770...'
2025-04-02 09:32:58,387 - INFO - Página 1, Imagen 226: Texto alternativo asignado: 'Eurostars Images 8387...'
2025-04-02 09:32:58,902 - INFO - Página 1, Imagen 227: Texto alternativo asignado: 'Eurostars Images 8902...'
2025-04-02 09:32:59,525 - INFO - Página 1, Imagen 228: Texto alternativo asignado: 'Eurostars Images 9525...'
2025-04-02 09:33:00,055 - INFO - Página 1, Imagen 229: Texto alternativo asignado: 'Eurostars Images 55...'
2025-04-02 09:33:00,618 - INFO - Página 1, Imagen 230: Texto alternativo asignado: 'Eurostars Images 618...'
2025-04-02 09:33:01,249 - INFO - Página 1, Imagen 231: Texto alternativo asignado: 'Eurostars Images 1249...'
2025-04-02 09:33:01,780 - INFO - Página 1, Imagen 232: Texto alternativo asignado: 'Eurostars Images 1779...'
2025-04-02 09:33:02,373 - INFO - Página 1, Imagen 233: Texto alternativo asignado: 'Eurostars Images 2373...'
2025-04-02 09:33:02,795 - INFO - Página 1, Imagen 234: Texto alternativo asignado: 'Eurostars Images 2795...'
2025-04-02 09:33:03,327 - INFO - Página 1, Imagen 235: Texto alternativo asignado: 'Eurostars Images 3327...'
2025-04-02 09:33:03,856 - INFO - Página 1, Imagen 236: Texto alternativo asignado: 'Eurostars Images 3855...'
2025-04-02 09:33:04,438 - INFO - Página 1, Imagen 237: Texto alternativo asignado: 'Eurostars Images 4438...'
2025-04-02 09:33:05,184 - INFO - Página 1, Imagen 238: Texto alternativo asignado: 'Eurostars Images 5184...'
2025-04-02 09:33:05,702 - INFO - Página 1, Imagen 239: Texto alternativo asignado: 'Eurostars Images 5702...'
2025-04-02 09:33:06,238 - INFO - Página 1, Imagen 240: Texto alternativo asignado: 'Eurostars Images 6238...'
2025-04-02 09:33:06,910 - INFO - Página 1, Imagen 241: Texto alternativo asignado: 'Eurostars Images 6910...'
2025-04-02 09:33:07,474 - INFO - Página 1, Imagen 242: Texto alternativo asignado: 'Eurostars Images 7474...'
2025-04-02 09:33:08,124 - INFO - Página 1, Imagen 243: Texto alternativo asignado: 'Eurostars Images 8124...'
2025-04-02 09:33:08,588 - INFO - Página 1, Imagen 244: Texto alternativo asignado: 'Eurostars Images 8588...'
2025-04-02 09:33:09,251 - INFO - Página 1, Imagen 245: Texto alternativo asignado: 'Eurostars Images 9251...'
2025-04-02 09:33:09,731 - INFO - Página 1, Imagen 246: Texto alternativo asignado: 'Eurostars Images 9731...'
2025-04-02 09:33:10,359 - INFO - Página 1, Imagen 247: Texto alternativo asignado: 'Eurostars Images 359...'
2025-04-02 09:33:10,811 - INFO - Página 1, Imagen 248: Texto alternativo asignado: 'Eurostars Images 811...'
2025-04-02 09:33:12,030 - INFO - Procesado con éxito: pdfs\205.pdf -> pdfs_accesibles\205.pdf
2025-04-02 09:33:12,912 - INFO - Página 1, Imagen 1: Texto alternativo asignado: 'Eurostars Images 2912...'
2025-04-02 09:33:13,687 - INFO - Página 1, Imagen 2: Texto alternativo asignado: 'HAl

EUROSTARS

PALACIO BUENAV...'
2025-04-02 09:33:14,692 - INFO - Página 2, Imagen 1: Texto alternativo asignado: 'Eurostars Images 4692...'
2025-04-02 09:33:15,215 - INFO - Página 2, Imagen 2: Texto alternativo asignado: 'Eurostars Images 5215...'
2025-04-02 09:33:15,681 - INFO - Página 2, Imagen 3: Texto alternativo asignado: 'Eurostars Images 5681...'
2025-04-02 09:33:16,239 - INFO - Página 2, Imagen 4: Texto alternativo asignado: 'Eurostars Images 6239...'
2025-04-02 09:33:17,029 - INFO - Página 3, Imagen 1: Texto alternativo asignado: 'Eurostars Images 7029...'
2025-04-02 09:33:17,690 - INFO - Página 4, Imagen 1: Texto alternativo asignado: 'Eurostars Images 7690...'
2025-04-02 09:33:18,331 - INFO - Página 5, Imagen 1: Texto alternativo asignado: 'Eurostars Images 8331...'
2025-04-02 09:33:18,890 - INFO - Página 5, Imagen 2: Texto alternativo asignado: 'Eurostars Images 8890...'
2025-04-02 09:33:19,448 - INFO - Página 5, Imagen 3: Texto alternativo asignado: 'Eurostars Images 9448...'
2025-04-02 09:33:19,987 - INFO - Página 5, Imagen 4: Texto alternativo asignado: 'Eurostars Images 9987...'
2025-04-02 09:33:20,708 - INFO - Página 6, Imagen 1: Texto alternativo asignado: 'Eurostars Images 708...'
2025-04-02 09:33:21,401 - INFO - Página 7, Imagen 1: Texto alternativo asignado: 'Eurostars Images 1401...'
2025-04-02 09:33:22,228 - INFO - Página 8, Imagen 1: Texto alternativo asignado: 'Eurostars Images 2227...'
2025-04-02 09:33:22,980 - INFO - Página 9, Imagen 1: Texto alternativo asignado: 'Eurostars Images 2980...'
2025-04-02 09:33:23,661 - INFO - Página 10, Imagen 1: Texto alternativo asignado: 'Eurostars Images 3661...'
2025-04-02 09:33:24,304 - INFO - Página 11, Imagen 1: Texto alternativo asignado: 'Eurostars Images 4303...'
2025-04-02 09:33:24,753 - INFO - Página 12, Imagen 1: Texto alternativo asignado: 'Eurostars Images 4753...'
2025-04-02 09:33:25,086 - INFO - Página 13, Imagen 1: Texto alternativo asignado: 'Eurostars Images 5086...'
2025-04-02 09:33:25,473 - INFO - Página 15, Imagen 1: Texto alternativo asignado: 'Hl

EUROSTARS

PALACIO BUENAVI...'
2025-04-02 09:33:25,542 - INFO - Procesado con éxito: pdfs\399.pdf -> pdfs_accesibles\399.pdf
2025-04-02 09:33:25,829 - INFO - Procesado con éxito: pdfs\carta.pdf -> pdfs_accesibles\carta.pdf
2025-04-02 09:57:49,723 - INFO - Página 1, Imagen 1: Texto alternativo: 'Eurostars Images 9723...'
2025-04-02 09:57:50,391 - INFO - Página 1, Imagen 2: Texto alternativo: 'Eurostars Images 391...'
2025-04-02 09:57:51,064 - INFO - Página 1, Imagen 3: Texto alternativo: 'Eurostars Images 1064...'
2025-04-02 09:57:51,469 - INFO - Página 1, Imagen 4: Texto alternativo: 'Eurostars Images 1469...'
2025-04-02 09:57:52,274 - INFO - Página 1, Imagen 5: Texto alternativo: 'Eurostars Images 2274...'
2025-04-02 09:57:52,973 - INFO - Página 1, Imagen 6: Texto alternativo: 'Eurostars Images 2973...'
2025-04-02 09:57:53,439 - INFO - Página 1, Imagen 7: Texto alternativo: 'Eurostars Images 3439...'
2025-04-02 09:57:54,075 - INFO - Página 1, Imagen 8: Texto alternativo: 'Eurostars Images 4075...'
2025-04-02 09:57:54,806 - INFO - Página 1, Imagen 9: Texto alternativo: 'Eurostars Images 4806...'
2025-04-02 09:57:55,387 - INFO - Página 1, Imagen 10: Texto alternativo: 'Eurostars Images 5387...'
2025-04-02 09:57:56,135 - INFO - Página 1, Imagen 11: Texto alternativo: 'Eurostars Images 6135...'
2025-04-02 09:57:56,606 - INFO - Página 1, Imagen 12: Texto alternativo: 'Eurostars Images 6606...'
2025-04-02 09:57:57,069 - INFO - Página 1, Imagen 13: Texto alternativo: 'Eurostars Images 7068...'
2025-04-02 09:57:57,545 - INFO - Página 1, Imagen 14: Texto alternativo: 'Eurostars Images 7545...'
2025-04-02 09:57:58,081 - INFO - Página 1, Imagen 15: Texto alternativo: 'Eurostars Images 8081...'
2025-04-02 09:57:58,523 - INFO - Página 1, Imagen 16: Texto alternativo: 'Eurostars Images 8523...'
2025-04-02 09:57:58,960 - INFO - Página 1, Imagen 17: Texto alternativo: 'Eurostars Images 8960...'
2025-04-02 09:57:59,432 - INFO - Página 1, Imagen 18: Texto alternativo: 'Eurostars Images 9432...'
2025-04-02 09:57:59,885 - INFO - Página 1, Imagen 19: Texto alternativo: 'Eurostars Images 9885...'
2025-04-02 09:58:00,284 - INFO - Página 1, Imagen 20: Texto alternativo: 'Eurostars Images 284...'
2025-04-02 09:58:00,754 - INFO - Página 1, Imagen 21: Texto alternativo: 'Eurostars Images 754...'
2025-04-02 09:58:01,188 - INFO - Página 1, Imagen 22: Texto alternativo: 'Eurostars Images 1188...'
2025-04-02 09:58:01,763 - INFO - Página 1, Imagen 23: Texto alternativo: 'Eurostars Images 1763...'
2025-04-02 09:58:02,472 - INFO - Página 1, Imagen 24: Texto alternativo: 'Eurostars Images 2472...'
2025-04-02 09:58:03,188 - INFO - Página 1, Imagen 25: Texto alternativo: 'Eurostars Images 3188...'
2025-04-02 09:58:03,659 - INFO - Página 1, Imagen 26: Texto alternativo: 'Eurostars Images 3659...'
2025-04-02 09:58:04,133 - INFO - Página 1, Imagen 27: Texto alternativo: 'Eurostars Images 4133...'
2025-04-02 09:58:04,464 - INFO - Página 1, Imagen 28: Texto alternativo: 'Eurostars Images 4464...'
2025-04-02 09:58:04,817 - INFO - Página 1, Imagen 29: Texto alternativo: 'Eurostars Images 4816...'
2025-04-02 09:58:05,265 - INFO - Página 1, Imagen 30: Texto alternativo: 'Eurostars Images 5265...'
2025-04-02 09:58:05,877 - INFO - Página 1, Imagen 31: Texto alternativo: 'Eurostars Images 5877...'
2025-04-02 09:58:06,555 - INFO - Página 1, Imagen 32: Texto alternativo: 'Eurostars Images 6554...'
2025-04-02 09:58:07,259 - INFO - Página 1, Imagen 33: Texto alternativo: 'Eurostars Images 7259...'
2025-04-02 09:58:07,752 - INFO - Página 1, Imagen 34: Texto alternativo: 'Eurostars Images 7752...'
2025-04-02 09:58:08,321 - INFO - Página 1, Imagen 35: Texto alternativo: 'Eurostars Images 8321...'
2025-04-02 09:58:08,767 - INFO - Página 1, Imagen 36: Texto alternativo: 'Eurostars Images 8767...'
2025-04-02 09:58:09,069 - INFO - Página 1, Imagen 37: Texto alternativo: 'Eurostars Images 9069...'
2025-04-02 09:58:09,418 - INFO - Página 1, Imagen 38: Texto alternativo: 'Eurostars Images 9418...'
2025-04-02 09:58:09,789 - INFO - Página 1, Imagen 39: Texto alternativo: 'Eurostars Images 9789...'
2025-04-02 09:58:10,181 - INFO - Página 1, Imagen 40: Texto alternativo: 'Eurostars Images 181...'
2025-04-02 09:58:10,489 - INFO - Página 1, Imagen 41: Texto alternativo: 'Eurostars Images 489...'
2025-04-02 09:58:10,833 - INFO - Página 1, Imagen 42: Texto alternativo: 'Eurostars Images 833...'
2025-04-02 09:58:11,166 - INFO - Página 1, Imagen 43: Texto alternativo: 'Eurostars Images 1166...'
2025-04-02 09:58:11,494 - INFO - Página 1, Imagen 44: Texto alternativo: 'Eurostars Images 1494...'
2025-04-02 09:58:11,855 - INFO - Página 1, Imagen 45: Texto alternativo: 'Eurostars Images 1855...'
2025-04-02 09:58:12,229 - INFO - Página 1, Imagen 46: Texto alternativo: 'Eurostars Images 2229...'
2025-04-02 09:58:12,521 - INFO - Página 1, Imagen 47: Texto alternativo: 'Eurostars Images 2521...'
2025-04-02 09:58:12,997 - INFO - Página 1, Imagen 48: Texto alternativo: 'Eurostars Images 2997...'
2025-04-02 09:58:13,371 - INFO - Página 1, Imagen 49: Texto alternativo: 'Eurostars Images 3371...'
2025-04-02 09:58:13,894 - INFO - Página 1, Imagen 50: Texto alternativo: 'Eurostars Images 3894...'
2025-04-02 09:58:14,362 - INFO - Página 1, Imagen 51: Texto alternativo: 'Eurostars Images 4362...'
2025-04-02 09:58:14,869 - INFO - Página 1, Imagen 52: Texto alternativo: 'Eurostars Images 4869...'
2025-04-02 09:58:15,313 - INFO - Página 1, Imagen 53: Texto alternativo: 'Eurostars Images 5313...'
2025-04-02 09:58:15,727 - INFO - Página 1, Imagen 54: Texto alternativo: 'Eurostars Images 5727...'
2025-04-02 09:58:16,252 - INFO - Página 1, Imagen 55: Texto alternativo: 'Eurostars Images 6252...'
2025-04-02 09:58:16,880 - INFO - Página 1, Imagen 56: Texto alternativo: 'Eurostars Images 6880...'
2025-04-02 09:58:17,320 - INFO - Página 1, Imagen 57: Texto alternativo: 'Eurostars Images 7320...'
2025-04-02 09:58:17,692 - INFO - Página 1, Imagen 58: Texto alternativo: 'Eurostars Images 7692...'
2025-04-02 09:58:18,061 - INFO - Página 1, Imagen 59: Texto alternativo: 'Eurostars Images 8061...'
2025-04-02 09:58:18,547 - INFO - Página 1, Imagen 60: Texto alternativo: 'Eurostars Images 8547...'
2025-04-02 09:58:19,158 - INFO - Página 1, Imagen 61: Texto alternativo: 'Eurostars Images 9158...'
2025-04-02 09:58:19,522 - INFO - Página 1, Imagen 62: Texto alternativo: 'Eurostars Images 9522...'
2025-04-02 09:58:19,822 - INFO - Página 1, Imagen 63: Texto alternativo: 'Eurostars Images 9821...'
2025-04-02 09:58:20,144 - INFO - Página 1, Imagen 64: Texto alternativo: 'Eurostars Images 144...'
2025-04-02 09:58:20,432 - INFO - Página 1, Imagen 65: Texto alternativo: 'Eurostars Images 432...'
2025-04-02 09:58:20,759 - INFO - Página 1, Imagen 66: Texto alternativo: 'Eurostars Images 759...'
2025-04-02 09:58:21,100 - INFO - Página 1, Imagen 67: Texto alternativo: 'Eurostars Images 1100...'
2025-04-02 09:58:21,447 - INFO - Página 1, Imagen 68: Texto alternativo: 'Eurostars Images 1447...'
2025-04-02 09:58:21,859 - INFO - Página 1, Imagen 69: Texto alternativo: 'Eurostars Images 1859...'
2025-04-02 09:58:22,248 - INFO - Página 1, Imagen 70: Texto alternativo: 'Eurostars Images 2248...'
2025-04-02 09:58:22,625 - INFO - Página 1, Imagen 71: Texto alternativo: 'Eurostars Images 2625...'
2025-04-02 09:58:23,176 - INFO - Página 1, Imagen 72: Texto alternativo: 'Eurostars Images 3176...'
2025-04-02 09:58:23,590 - INFO - Página 1, Imagen 73: Texto alternativo: 'Eurostars Images 3590...'
2025-04-02 09:58:24,062 - INFO - Página 1, Imagen 74: Texto alternativo: 'Eurostars Images 4062...'
2025-04-02 09:58:24,468 - INFO - Página 1, Imagen 75: Texto alternativo: 'Es...'
2025-04-02 09:58:24,815 - INFO - Página 1, Imagen 76: Texto alternativo: 'Es...'
2025-04-02 09:58:25,366 - INFO - Página 1, Imagen 77: Texto alternativo: 'Es...'
2025-04-02 09:58:25,803 - INFO - Página 1, Imagen 78: Texto alternativo: 'Es...'
2025-04-02 09:58:26,273 - INFO - Página 1, Imagen 79: Texto alternativo: 'Es...'
2025-04-02 09:58:26,667 - INFO - Página 1, Imagen 80: Texto alternativo: 'Eurostars Images 6667...'
2025-04-02 09:58:27,115 - INFO - Página 1, Imagen 81: Texto alternativo: 'Es...'
2025-04-02 09:58:27,574 - INFO - Página 1, Imagen 82: Texto alternativo: 'Es...'
2025-04-02 09:58:28,096 - INFO - Página 1, Imagen 83: Texto alternativo: 'Es...'
2025-04-02 09:58:28,525 - INFO - Página 1, Imagen 84: Texto alternativo: 'Es...'
2025-04-02 09:58:29,102 - INFO - Página 1, Imagen 85: Texto alternativo: 'Es...'
2025-04-02 09:58:29,594 - INFO - Página 1, Imagen 86: Texto alternativo: 'Eurostars Images 9594...'
2025-04-02 09:58:29,930 - INFO - Página 1, Imagen 87: Texto alternativo: 'Eurostars Images 9930...'
2025-04-02 09:58:30,384 - INFO - Página 1, Imagen 88: Texto alternativo: 'Eurostars Images 384...'
2025-04-02 09:58:30,775 - INFO - Página 1, Imagen 89: Texto alternativo: 'Eurostars Images 775...'
2025-04-02 09:58:31,157 - INFO - Página 1, Imagen 90: Texto alternativo: 'Eurostars Images 1157...'
2025-04-02 09:58:31,515 - INFO - Página 1, Imagen 91: Texto alternativo: 'Eurostars Images 1515...'
2025-04-02 09:58:31,852 - INFO - Página 1, Imagen 92: Texto alternativo: 'Eurostars Images 1852...'
2025-04-02 09:58:32,282 - INFO - Página 1, Imagen 93: Texto alternativo: 'Eurostars Images 2282...'
2025-04-02 09:58:32,678 - INFO - Página 1, Imagen 94: Texto alternativo: 'Eurostars Images 2678...'
2025-04-02 09:58:33,016 - INFO - Página 1, Imagen 95: Texto alternativo: 'Eurostars Images 3016...'
2025-04-02 09:58:33,327 - INFO - Página 1, Imagen 96: Texto alternativo: 'Eurostars Images 3327...'
2025-04-02 09:58:33,774 - INFO - Página 1, Imagen 97: Texto alternativo: 'Eurostars Images 3774...'
2025-04-02 09:58:34,324 - INFO - Página 1, Imagen 98: Texto alternativo: 'Eurostars Images 4324...'
2025-04-02 09:58:34,810 - INFO - Página 1, Imagen 99: Texto alternativo: 'Eurostars Images 4810...'
2025-04-02 09:58:35,242 - INFO - Página 1, Imagen 100: Texto alternativo: 'Eurostars Images 5242...'
2025-04-02 09:58:35,580 - INFO - Página 1, Imagen 101: Texto alternativo: 'Eurostars Images 5580...'
2025-04-02 09:58:36,026 - INFO - Página 1, Imagen 102: Texto alternativo: 'Eurostars Images 6026...'
2025-04-02 09:58:36,416 - INFO - Página 1, Imagen 103: Texto alternativo: 'Eurostars Images 6416...'
2025-04-02 09:58:36,755 - INFO - Página 1, Imagen 104: Texto alternativo: 'Eurostars Images 6755...'
2025-04-02 09:58:37,172 - INFO - Página 1, Imagen 105: Texto alternativo: 'Eurostars Images 7172...'
2025-04-02 09:58:37,567 - INFO - Página 1, Imagen 106: Texto alternativo: 'Eurostars Images 7567...'
2025-04-02 09:58:37,958 - INFO - Página 1, Imagen 107: Texto alternativo: 'Eurostars Images 7958...'
2025-04-02 09:58:38,372 - INFO - Página 1, Imagen 108: Texto alternativo: 'Eurostars Images 8372...'
2025-04-02 09:58:38,713 - INFO - Página 1, Imagen 109: Texto alternativo: 'Eurostars Images 8713...'
2025-04-02 09:58:39,015 - INFO - Página 1, Imagen 110: Texto alternativo: 'Eurostars Images 9015...'
2025-04-02 09:58:39,346 - INFO - Página 1, Imagen 111: Texto alternativo: 'Eurostars Images 9346...'
2025-04-02 09:58:39,737 - INFO - Página 1, Imagen 112: Texto alternativo: 'Eurostars Images 9737...'
2025-04-02 09:58:40,102 - INFO - Página 1, Imagen 113: Texto alternativo: 'Eurostars Images 102...'
2025-04-02 09:58:40,548 - INFO - Página 1, Imagen 114: Texto alternativo: 'Eurostars Images 548...'
2025-04-02 09:58:41,115 - INFO - Página 1, Imagen 115: Texto alternativo: 'Eurostars Images 1115...'
2025-04-02 09:58:41,551 - INFO - Página 1, Imagen 116: Texto alternativo: 'Eurostars Images 1551...'
2025-04-02 09:58:41,977 - INFO - Página 1, Imagen 117: Texto alternativo: 'Eurostars Images 1977...'
2025-04-02 09:58:42,544 - INFO - Página 1, Imagen 118: Texto alternativo: 'Eurostars Images 2544...'
2025-04-02 09:58:43,058 - INFO - Página 1, Imagen 119: Texto alternativo: 'Eurostars Images 3058...'
2025-04-02 09:58:43,648 - INFO - Página 1, Imagen 120: Texto alternativo: 'Eurostars Images 3648...'
2025-04-02 09:58:44,264 - INFO - Página 1, Imagen 121: Texto alternativo: 'Eurostars Images 4264...'
2025-04-02 09:58:44,808 - INFO - Página 1, Imagen 122: Texto alternativo: 'Eurostars Images 4808...'
2025-04-02 09:58:45,280 - INFO - Página 1, Imagen 123: Texto alternativo: 'Eurostars Images 5280...'
2025-04-02 09:58:45,668 - INFO - Página 1, Imagen 124: Texto alternativo: 'Eurostars Images 5668...'
2025-04-02 09:58:46,041 - INFO - Página 1, Imagen 125: Texto alternativo: 'Eurostars Images 6041...'
2025-04-02 09:58:46,421 - INFO - Página 1, Imagen 126: Texto alternativo: 'Eurostars Images 6421...'
2025-04-02 09:58:46,924 - INFO - Página 1, Imagen 127: Texto alternativo: 'Eurostars Images 6924...'
2025-04-02 09:58:47,328 - INFO - Página 1, Imagen 128: Texto alternativo: 'Eurostars Images 7328...'
2025-04-02 09:58:47,851 - INFO - Página 1, Imagen 129: Texto alternativo: 'Eurostars Images 7851...'
2025-04-02 09:58:48,276 - INFO - Página 1, Imagen 130: Texto alternativo: 'Eurostars Images 8276...'
2025-04-02 09:58:48,683 - INFO - Página 1, Imagen 131: Texto alternativo: 'Eurostars Images 8683...'
2025-04-02 09:58:49,010 - INFO - Página 1, Imagen 132: Texto alternativo: 'Eurostars Images 9010...'
2025-04-02 09:58:49,342 - INFO - Página 1, Imagen 133: Texto alternativo: 'Eurostars Images 9342...'
2025-04-02 09:58:49,763 - INFO - Página 1, Imagen 134: Texto alternativo: 'Eurostars Images 9763...'
2025-04-02 09:58:50,207 - INFO - Página 1, Imagen 135: Texto alternativo: 'Eurostars Images 207...'
2025-04-02 09:58:50,594 - INFO - Página 1, Imagen 136: Texto alternativo: 'Eurostars Images 594...'
2025-04-02 09:58:50,990 - INFO - Página 1, Imagen 137: Texto alternativo: 'Eurostars Images 990...'
2025-04-02 09:58:51,349 - INFO - Página 1, Imagen 138: Texto alternativo: 'Eurostars Images 1349...'
2025-04-02 09:58:51,775 - INFO - Página 1, Imagen 139: Texto alternativo: 'Eurostars Images 1775...'
2025-04-02 09:58:52,157 - INFO - Página 1, Imagen 140: Texto alternativo: 'Eurostars Images 2157...'
2025-04-02 09:58:52,703 - INFO - Página 1, Imagen 141: Texto alternativo: 'Eurostars Images 2703...'
2025-04-02 09:58:53,168 - INFO - Página 1, Imagen 142: Texto alternativo: 'Eurostars Images 3168...'
2025-04-02 09:58:53,546 - INFO - Página 1, Imagen 143: Texto alternativo: 'Eurostars Images 3546...'
2025-04-02 09:58:53,898 - INFO - Página 1, Imagen 144: Texto alternativo: 'Eurostars Images 3898...'
2025-04-02 09:58:54,292 - INFO - Página 1, Imagen 145: Texto alternativo: 'Eurostars Images 4292...'
2025-04-02 09:58:54,656 - INFO - Página 1, Imagen 146: Texto alternativo: 'Eurostars Images 4656...'
2025-04-02 09:58:54,988 - INFO - Página 1, Imagen 147: Texto alternativo: 'Eurostars Images 4988...'
2025-04-02 09:58:55,364 - INFO - Página 1, Imagen 148: Texto alternativo: 'Eurostars Images 5364...'
2025-04-02 09:58:55,708 - INFO - Página 1, Imagen 149: Texto alternativo: 'Eurostars Images 5708...'
2025-04-02 09:58:56,120 - INFO - Página 1, Imagen 150: Texto alternativo: 'Eurostars Images 6120...'
2025-04-02 09:58:56,486 - INFO - Página 1, Imagen 151: Texto alternativo: 'Eurostars Images 6486...'
2025-04-02 09:58:56,901 - INFO - Página 1, Imagen 152: Texto alternativo: 'Eurostars Images 6901...'
2025-04-02 09:58:57,273 - INFO - Página 1, Imagen 153: Texto alternativo: 'Eurostars Images 7273...'
2025-04-02 09:58:57,715 - INFO - Página 1, Imagen 154: Texto alternativo: 'Eurostars Images 7715...'
2025-04-02 09:58:58,112 - INFO - Página 1, Imagen 155: Texto alternativo: 'Eurostars Images 8112...'
2025-04-02 09:58:58,442 - INFO - Página 1, Imagen 156: Texto alternativo: 'Eurostars Images 8442...'
2025-04-02 09:58:58,787 - INFO - Página 1, Imagen 157: Texto alternativo: 'Eurostars Images 8787...'
2025-04-02 09:58:59,164 - INFO - Página 1, Imagen 158: Texto alternativo: 'Eurostars Images 9164...'
2025-04-02 09:58:59,708 - INFO - Página 1, Imagen 159: Texto alternativo: 'Eurostars Images 9708...'
2025-04-02 09:59:00,148 - INFO - Página 1, Imagen 160: Texto alternativo: 'Eurostars Images 148...'
2025-04-02 09:59:00,633 - INFO - Página 1, Imagen 161: Texto alternativo: 'Eurostars Images 633...'
2025-04-02 09:59:01,026 - INFO - Página 1, Imagen 162: Texto alternativo: 'Eurostars Images 1026...'
2025-04-02 09:59:01,574 - INFO - Página 1, Imagen 163: Texto alternativo: 'Eurostars Images 1574...'
2025-04-02 09:59:02,113 - INFO - Página 1, Imagen 164: Texto alternativo: 'Eurostars Images 2113...'
2025-04-02 09:59:02,758 - INFO - Página 1, Imagen 165: Texto alternativo: 'Eurostars Images 2758...'
2025-04-02 09:59:03,393 - INFO - Página 1, Imagen 166: Texto alternativo: 'Eurostars Images 3393...'
2025-04-02 09:59:03,936 - INFO - Página 1, Imagen 167: Texto alternativo: 'Eurostars Images 3936...'
2025-04-02 09:59:04,415 - INFO - Página 1, Imagen 168: Texto alternativo: 'Eurostars Images 4414...'
2025-04-02 09:59:04,922 - INFO - Página 1, Imagen 169: Texto alternativo: 'Eurostars Images 4921...'
2025-04-02 09:59:05,396 - INFO - Página 1, Imagen 170: Texto alternativo: 'Eurostars Images 5396...'
2025-04-02 09:59:05,822 - INFO - Página 1, Imagen 171: Texto alternativo: 'Eurostars Images 5821...'
2025-04-02 09:59:06,429 - INFO - Página 1, Imagen 172: Texto alternativo: 'Eurostars Images 6429...'
2025-04-02 09:59:07,067 - INFO - Página 1, Imagen 173: Texto alternativo: 'Eurostars Images 7067...'
2025-04-02 09:59:07,755 - INFO - Página 1, Imagen 174: Texto alternativo: 'Eurostars Images 7755...'
2025-04-02 09:59:08,146 - INFO - Página 1, Imagen 175: Texto alternativo: 'Eurostars Images 8146...'
2025-04-02 09:59:08,755 - INFO - Página 1, Imagen 176: Texto alternativo: 'Eurostars Images 8755...'
2025-04-02 09:59:09,401 - INFO - Página 1, Imagen 177: Texto alternativo: 'Eurostars Images 9401...'
2025-04-02 09:59:09,855 - INFO - Página 1, Imagen 178: Texto alternativo: 'Eurostars Images 9855...'
2025-04-02 09:59:10,402 - INFO - Página 1, Imagen 179: Texto alternativo: 'Eurostars Images 402...'
2025-04-02 09:59:10,872 - INFO - Página 1, Imagen 180: Texto alternativo: 'Eurostars Images 872...'
2025-04-02 09:59:11,487 - INFO - Página 1, Imagen 181: Texto alternativo: 'Eurostars Images 1487...'
2025-04-02 09:59:11,921 - INFO - Página 1, Imagen 182: Texto alternativo: 'Eurostars Images 1921...'
2025-04-02 09:59:12,434 - INFO - Página 1, Imagen 183: Texto alternativo: 'Eurostars Images 2434...'
2025-04-02 09:59:13,121 - INFO - Página 1, Imagen 184: Texto alternativo: 'Eurostars Images 3121...'
2025-04-02 09:59:13,718 - INFO - Página 1, Imagen 185: Texto alternativo: 'Eurostars Images 3718...'
2025-04-02 09:59:14,257 - INFO - Página 1, Imagen 186: Texto alternativo: 'Eurostars Images 4257...'
2025-04-02 09:59:14,917 - INFO - Página 1, Imagen 187: Texto alternativo: 'Eurostars Images 4917...'
2025-04-02 09:59:15,392 - INFO - Página 1, Imagen 188: Texto alternativo: 'Eurostars Images 5392...'
2025-04-02 09:59:15,990 - INFO - Página 1, Imagen 189: Texto alternativo: 'Eurostars Images 5990...'
2025-04-02 09:59:16,393 - INFO - Página 1, Imagen 190: Texto alternativo: 'Eurostars Images 6393...'
2025-04-02 09:59:17,017 - INFO - Página 1, Imagen 191: Texto alternativo: 'Eurostars Images 7017...'
2025-04-02 09:59:17,511 - INFO - Página 1, Imagen 192: Texto alternativo: 'Eurostars Images 7511...'
2025-04-02 09:59:17,931 - INFO - Página 1, Imagen 193: Texto alternativo: 'Eurostars Images 7931...'
2025-04-02 09:59:18,357 - INFO - Página 1, Imagen 194: Texto alternativo: 'Eurostars Images 8356...'
2025-04-02 09:59:18,755 - INFO - Página 1, Imagen 195: Texto alternativo: 'Eurostars Images 8755...'
2025-04-02 09:59:19,175 - INFO - Página 1, Imagen 196: Texto alternativo: 'Eurostars Images 9175...'
2025-04-02 09:59:19,587 - INFO - Página 1, Imagen 197: Texto alternativo: 'Es...'
2025-04-02 09:59:20,005 - INFO - Página 1, Imagen 198: Texto alternativo: 'Es...'
2025-04-02 09:59:20,546 - INFO - Página 1, Imagen 199: Texto alternativo: 'Es...'
2025-04-02 09:59:20,925 - INFO - Página 1, Imagen 200: Texto alternativo: 'Es...'
2025-04-02 09:59:21,638 - INFO - Página 1, Imagen 201: Texto alternativo: 'Es...'
2025-04-02 09:59:22,355 - INFO - Página 1, Imagen 202: Texto alternativo: 'Es...'
2025-04-02 09:59:22,866 - INFO - Página 1, Imagen 203: Texto alternativo: 'Es...'
2025-04-02 09:59:23,353 - INFO - Página 1, Imagen 204: Texto alternativo: 'Es...'
2025-04-02 09:59:23,805 - INFO - Página 1, Imagen 205: Texto alternativo: 'Eurostars Images 3805...'
2025-04-02 09:59:24,140 - INFO - Página 1, Imagen 206: Texto alternativo: 'Eurostars Images 4140...'
2025-04-02 09:59:24,644 - INFO - Página 1, Imagen 207: Texto alternativo: 'Eurostars Images 4644...'
2025-04-02 09:59:25,028 - INFO - Página 1, Imagen 208: Texto alternativo: 'Eurostars Images 5028...'
2025-04-02 09:59:25,390 - INFO - Página 1, Imagen 209: Texto alternativo: 'Eurostars Images 5390...'
2025-04-02 09:59:25,782 - INFO - Página 1, Imagen 210: Texto alternativo: 'Eurostars Images 5782...'
2025-04-02 09:59:26,212 - INFO - Página 1, Imagen 211: Texto alternativo: 'Eurostars Images 6212...'
2025-04-02 09:59:26,678 - INFO - Página 1, Imagen 212: Texto alternativo: 'Eurostars Images 6678...'
2025-04-02 09:59:27,160 - INFO - Página 1, Imagen 213: Texto alternativo: 'Eurostars Images 7160...'
2025-04-02 09:59:27,564 - INFO - Página 1, Imagen 214: Texto alternativo: 'Eurostars Images 7564...'
2025-04-02 09:59:27,913 - INFO - Página 1, Imagen 215: Texto alternativo: 'Eurostars Images 7913...'
2025-04-02 09:59:28,388 - INFO - Página 1, Imagen 216: Texto alternativo: 'Eurostars Images 8388...'
2025-04-02 09:59:28,754 - INFO - Página 1, Imagen 217: Texto alternativo: 'Eurostars Images 8754...'
2025-04-02 09:59:29,114 - INFO - Página 1, Imagen 218: Texto alternativo: 'Eurostars Images 9114...'
2025-04-02 09:59:29,486 - INFO - Página 1, Imagen 219: Texto alternativo: 'Eurostars Images 9485...'
2025-04-02 09:59:29,854 - INFO - Página 1, Imagen 220: Texto alternativo: 'Eurostars Images 9854...'
2025-04-02 09:59:30,200 - INFO - Página 1, Imagen 221: Texto alternativo: 'Eurostars Images 200...'
2025-04-02 09:59:30,557 - INFO - Página 1, Imagen 222: Texto alternativo: 'Eurostars Images 557...'
2025-04-02 09:59:30,854 - INFO - Página 1, Imagen 223: Texto alternativo: 'Eurostars Images 854...'
2025-04-02 09:59:31,299 - INFO - Página 1, Imagen 224: Texto alternativo: 'Eurostars Images 1299...'
2025-04-02 09:59:31,955 - INFO - Página 1, Imagen 225: Texto alternativo: 'Eurostars Images 1955...'
2025-04-02 09:59:32,424 - INFO - Página 1, Imagen 226: Texto alternativo: 'Eurostars Images 2424...'
2025-04-02 09:59:32,962 - INFO - Página 1, Imagen 227: Texto alternativo: 'Eurostars Images 2962...'
2025-04-02 09:59:33,652 - INFO - Página 1, Imagen 228: Texto alternativo: 'Eurostars Images 3652...'
2025-04-02 09:59:34,355 - INFO - Página 1, Imagen 229: Texto alternativo: 'Eurostars Images 4355...'
2025-04-02 09:59:34,811 - INFO - Página 1, Imagen 230: Texto alternativo: 'Eurostars Images 4811...'
2025-04-02 09:59:35,316 - INFO - Página 1, Imagen 231: Texto alternativo: 'Eurostars Images 5316...'
2025-04-02 09:59:35,782 - INFO - Página 1, Imagen 232: Texto alternativo: 'Eurostars Images 5782...'
2025-04-02 09:59:36,198 - INFO - Página 1, Imagen 233: Texto alternativo: 'Eurostars Images 6198...'
2025-04-02 09:59:36,583 - INFO - Página 1, Imagen 234: Texto alternativo: 'Eurostars Images 6583...'
2025-04-02 09:59:37,057 - INFO - Página 1, Imagen 235: Texto alternativo: 'Eurostars Images 7056...'
2025-04-02 09:59:37,525 - INFO - Página 1, Imagen 236: Texto alternativo: 'Eurostars Images 7525...'
2025-04-02 09:59:37,904 - INFO - Página 1, Imagen 237: Texto alternativo: 'Eurostars Images 7904...'
2025-04-02 09:59:38,318 - INFO - Página 1, Imagen 238: Texto alternativo: 'Eurostars Images 8318...'
2025-04-02 09:59:38,654 - INFO - Página 1, Imagen 239: Texto alternativo: 'Eurostars Images 8654...'
2025-04-02 09:59:38,955 - INFO - Página 1, Imagen 240: Texto alternativo: 'Eurostars Images 8955...'
2025-04-02 09:59:39,303 - INFO - Página 1, Imagen 241: Texto alternativo: 'Eurostars Images 9302...'
2025-04-02 09:59:39,662 - INFO - Página 1, Imagen 242: Texto alternativo: 'Eurostars Images 9662...'
2025-04-02 09:59:40,013 - INFO - Página 1, Imagen 243: Texto alternativo: 'Eurostars Images 13...'
2025-04-02 09:59:40,354 - INFO - Página 1, Imagen 244: Texto alternativo: 'Eurostars Images 354...'
2025-04-02 09:59:40,722 - INFO - Página 1, Imagen 245: Texto alternativo: 'Eurostars Images 721...'
2025-04-02 09:59:41,106 - INFO - Página 1, Imagen 246: Texto alternativo: 'Eurostars Images 1106...'
2025-04-02 09:59:41,527 - INFO - Página 1, Imagen 247: Texto alternativo: 'Eurostars Images 1527...'
2025-04-02 09:59:42,157 - INFO - Página 1, Imagen 248: Texto alternativo: 'Eurostars Images 2157...'
2025-04-02 09:59:42,914 - ERROR - Error etiquetando con pikepdf: update
2025-04-02 09:59:42,924 - INFO - Procesado completado: pdfs\205.pdf -> pdfs_accesibles\205.pdf
2025-04-02 09:59:43,540 - INFO - Página 1, Imagen 1: Texto alternativo: 'Eurostars Images 3539...'
2025-04-02 09:59:44,273 - INFO - Página 1, Imagen 2: Texto alternativo: 'HAl

EUROSTARS

PALACIO BUENAV...'
2025-04-02 09:59:44,969 - INFO - Página 2, Imagen 1: Texto alternativo: 'Eurostars Images 4969...'
2025-04-02 09:59:45,387 - INFO - Página 2, Imagen 2: Texto alternativo: 'Eurostars Images 5387...'
2025-04-02 09:59:45,983 - INFO - Página 2, Imagen 3: Texto alternativo: 'Eurostars Images 5983...'
2025-04-02 09:59:46,417 - INFO - Página 2, Imagen 4: Texto alternativo: 'Eurostars Images 6417...'
2025-04-02 09:59:47,071 - INFO - Página 3, Imagen 1: Texto alternativo: 'Eurostars Images 7071...'
2025-04-02 09:59:47,626 - INFO - Página 4, Imagen 1: Texto alternativo: 'Eurostars Images 7626...'
2025-04-02 09:59:48,176 - INFO - Página 5, Imagen 1: Texto alternativo: 'Eurostars Images 8176...'
2025-04-02 09:59:48,750 - INFO - Página 5, Imagen 2: Texto alternativo: 'Eurostars Images 8750...'
2025-04-02 09:59:49,172 - INFO - Página 5, Imagen 3: Texto alternativo: 'Eurostars Images 9172...'
2025-04-02 09:59:49,509 - INFO - Página 5, Imagen 4: Texto alternativo: 'Eurostars Images 9509...'
2025-04-02 09:59:50,064 - INFO - Página 6, Imagen 1: Texto alternativo: 'Eurostars Images 64...'
2025-04-02 09:59:50,539 - INFO - Página 7, Imagen 1: Texto alternativo: 'Eurostars Images 539...'
2025-04-02 09:59:50,952 - INFO - Página 8, Imagen 1: Texto alternativo: 'Eurostars Images 952...'
2025-04-02 09:59:51,371 - INFO - Página 9, Imagen 1: Texto alternativo: 'Eurostars Images 1371...'
2025-04-02 09:59:51,795 - INFO - Página 10, Imagen 1: Texto alternativo: 'Eurostars Images 1794...'
2025-04-02 09:59:52,227 - INFO - Página 11, Imagen 1: Texto alternativo: 'Eurostars Images 2227...'
2025-04-02 09:59:52,588 - INFO - Página 12, Imagen 1: Texto alternativo: 'Eurostars Images 2588...'
2025-04-02 09:59:52,977 - INFO - Página 13, Imagen 1: Texto alternativo: 'Eurostars Images 2977...'
2025-04-02 09:59:53,398 - INFO - Página 15, Imagen 1: Texto alternativo: 'Hl

EUROSTARS

PALACIO BUENAVI...'
2025-04-02 09:59:53,437 - ERROR - Error etiquetando con pikepdf: update
2025-04-02 09:59:53,443 - INFO - Procesado completado: pdfs\399.pdf -> pdfs_accesibles\399.pdf
2025-04-02 09:59:53,647 - ERROR - Error etiquetando con pikepdf: update
2025-04-02 09:59:53,651 - INFO - Procesado completado: pdfs\carta.pdf -> pdfs_accesibles\carta.pdf
